-------------------------------------------------------------------------------
Test set: com.example.contractmanagement.repository.RequirementRepositoryTest
-------------------------------------------------------------------------------
Tests run: 6, Failures: 0, Errors: 2, Skipped: 0, Time elapsed: 3.097 s <<< FAILURE! - in com.example.contractmanagement.repository.RequirementRepositoryTest
testViewAllRequirements  Time elapsed: 0.501 s  <<< ERROR!
org.springframework.dao.InvalidDataAccessApiUsageException: org.hibernate.TransientPropertyValueException: object references an unsaved transient instance - save the transient instance before flushing : com.example.contractmanagement.model.Requirement.type -> com.example.contractmanagement.model.Types; nested exception is java.lang.IllegalStateException: org.hibernate.TransientPropertyValueException: object references an unsaved transient instance - save the transient instance before flushing : com.example.contractmanagement.model.Requirement.type -> com.example.contractmanagement.model.Types
	at com.example.contractmanagement.repository.RequirementRepositoryTest.testViewAllRequirements(RequirementRepositoryTest.java:64)
Caused by: java.lang.IllegalStateException: org.hibernate.TransientPropertyValueException: object references an unsaved transient instance - save the transient instance before flushing : com.example.contractmanagement.model.Requirement.type -> com.example.contractmanagement.model.Types
	at com.example.contractmanagement.repository.RequirementRepositoryTest.testViewAllRequirements(RequirementRepositoryTest.java:64)
Caused by: org.hibernate.TransientPropertyValueException: object references an unsaved transient instance - save the transient instance before flushing : com.example.contractmanagement.model.Requirement.type -> com.example.contractmanagement.model.Types
	at com.example.contractmanagement.repository.RequirementRepositoryTest.testViewAllRequirements(RequirementRepositoryTest.java:64)

testViewRequirementsByType  Time elapsed: 0.503 s  <<< ERROR!
org.springframework.dao.InvalidDataAccessApiUsageException: org.hibernate.TransientPropertyValueException: object references an unsaved transient instance - save the transient instance before flushing : com.example.contractmanagement.model.Requirement.type -> com.example.contractmanagement.model.Types; nested exception is java.lang.IllegalStateException: org.hibernate.TransientPropertyValueException: object references an unsaved transient instance - save the transient instance before flushing : com.example.contractmanagement.model.Requirement.type -> com.example.contractmanagement.model.Types
	at com.example.contractmanagement.repository.RequirementRepositoryTest.testViewRequirementsByType(RequirementRepositoryTest.java:56)
Caused by: java.lang.IllegalStateException: org.hibernate.TransientPropertyValueException: object references an unsaved transient instance - save the transient instance before flushing : com.example.contractmanagement.model.Requirement.type -> com.example.contractmanagement.model.Types
	at com.example.contractmanagement.repository.RequirementRepositoryTest.testViewRequirementsByType(RequirementRepositoryTest.java:56)
Caused by: org.hibernate.TransientPropertyValueException: object references an unsaved transient instance - save the transient instance before flushing : com.example.contractmanagement.model.Requirement.type -> com.example.contractmanagement.model.Types
	at com.example.contractmanagement.repository.RequirementRepositoryTest.testViewRequirementsByType(RequirementRepositoryTest.java:56)

