<?xml version="1.0" encoding="UTF-8"?>
<testsuite xmlns:xsi="http://www.w3.org/2001/XMLSchema-instance" xsi:noNamespaceSchemaLocation="https://maven.apache.org/surefire/maven-surefire-plugin/xsd/surefire-test-report.xsd" name="com.example.contractmanagement.ContractManagementApplicationTests" time="17.241" tests="1" errors="1" skipped="0" failures="0">
  <properties>
[...]
</properties>
  <testcase name="testGetSuppliersofActiveContracts" classname="com.example.contractmanagement.ContractManagementApplicationTests" time="7.473">
    <error type="java.lang.StackOverflowError">java.lang.StackOverflowError
</error>
    <system-out><![CDATA[15:45:07.332 [main] DEBUG org.springframework.test.context.BootstrapUtils - Instantiating CacheAwareContextLoaderDelegate from class [org.springframework.test.context.cache.DefaultCacheAwareContextLoaderDelegate]
15:45:07.345 [main] DEBUG org.springframework.test.context.BootstrapUtils - Instantiating BootstrapContext using constructor [public org.springframework.test.context.support.DefaultBootstrapContext(java.lang.Class,org.springframework.test.context.CacheAwareContextLoaderDelegate)]
15:45:07.386 [main] DEBUG org.springframework.test.context.BootstrapUtils - Instantiating TestContextBootstrapper for test class [com.example.contractmanagement.ContractManagementApplicationTests] from class [org.springframework.boot.test.context.SpringBootTestContextBootstrapper]
15:45:07.406 [main] INFO org.springframework.boot.test.context.SpringBootTestContextBootstrapper - Neither @ContextConfiguration nor @ContextHierarchy found for test class [com.example.contractmanagement.ContractManagementApplicationTests], using SpringBootContextLoader
15:45:07.413 [main] DEBUG org.springframework.test.context.support.AbstractContextLoader - Did not detect default resource location for test class [com.example.contractmanagement.ContractManagementApplicationTests]: class path resource [com/example/contractmanagement/ContractManagementApplicationTests-context.xml] does not exist
15:45:07.413 [main] DEBUG org.springframework.test.context.support.AbstractContextLoader - Did not detect default resource location for test class [com.example.contractmanagement.ContractManagementApplicationTests]: class path resource [com/example/contractmanagement/ContractManagementApplicationTestsContext.groovy] does not exist
15:45:07.414 [main] INFO org.springframework.test.context.support.AbstractContextLoader - Could not detect default resource locations for test class [com.example.contractmanagement.ContractManagementApplicationTests]: no resource found for suffixes {-context.xml, Context.groovy}.
15:45:07.414 [main] INFO org.springframework.test.context.support.AnnotationConfigContextLoaderUtils - Could not detect default configuration classes for test class [com.example.contractmanagement.ContractManagementApplicationTests]: ContractManagementApplicationTests does not declare any static, non-private, non-final, nested classes annotated with @Configuration.
15:45:07.467 [main] DEBUG org.springframework.test.context.support.ActiveProfilesUtils - Could not find an 'annotation declaring class' for annotation type [org.springframework.test.context.ActiveProfiles] and class [com.example.contractmanagement.ContractManagementApplicationTests]
15:45:07.549 [main] DEBUG org.springframework.context.annotation.ClassPathScanningCandidateComponentProvider - Identified candidate component class: file [E:\CMS-main-v4\contract-management\contract-management\target\classes\com\example\contractmanagement\ContractManagementApplication.class]
15:45:07.563 [main] INFO org.springframework.boot.test.context.SpringBootTestContextBootstrapper - Found @SpringBootConfiguration com.example.contractmanagement.ContractManagementApplication for test class com.example.contractmanagement.ContractManagementApplicationTests
15:45:07.691 [main] DEBUG org.springframework.boot.test.context.SpringBootTestContextBootstrapper - @TestExecutionListeners is not present for class [com.example.contractmanagement.ContractManagementApplicationTests]: using defaults.
15:45:07.692 [main] INFO org.springframework.boot.test.context.SpringBootTestContextBootstrapper - Loaded default TestExecutionListener class names from location [META-INF/spring.factories]: [org.springframework.boot.test.mock.mockito.MockitoTestExecutionListener, org.springframework.boot.test.mock.mockito.ResetMocksTestExecutionListener, org.springframework.boot.test.autoconfigure.restdocs.RestDocsTestExecutionListener, org.springframework.boot.test.autoconfigure.web.client.MockRestServiceServerResetTestExecutionListener, org.springframework.boot.test.autoconfigure.web.servlet.MockMvcPrintOnlyOnFailureTestExecutionListener, org.springframework.boot.test.autoconfigure.web.servlet.WebDriverTestExecutionListener, org.springframework.boot.test.autoconfigure.webservices.client.MockWebServiceServerTestExecutionListener, org.springframework.test.context.web.ServletTestExecutionListener, org.springframework.test.context.support.DirtiesContextBeforeModesTestExecutionListener, org.springframework.test.context.event.ApplicationEventsTestExecutionListener, org.springframework.test.context.support.DependencyInjectionTestExecutionListener, org.springframework.test.context.support.DirtiesContextTestExecutionListener, org.springframework.test.context.transaction.TransactionalTestExecutionListener, org.springframework.test.context.jdbc.SqlScriptsTestExecutionListener, org.springframework.test.context.event.EventPublishingTestExecutionListener, org.springframework.security.test.context.support.WithSecurityContextTestExecutionListener, org.springframework.security.test.context.support.ReactorContextTestExecutionListener]
15:45:07.717 [main] INFO org.springframework.boot.test.context.SpringBootTestContextBootstrapper - Using TestExecutionListeners: [org.springframework.test.context.web.ServletTestExecutionListener@6e35bc3d, org.springframework.test.context.support.DirtiesContextBeforeModesTestExecutionListener@1cdc4c27, org.springframework.test.context.event.ApplicationEventsTestExecutionListener@77b14724, org.springframework.boot.test.mock.mockito.MockitoTestExecutionListener@5d9b7a8a, org.springframework.boot.test.autoconfigure.SpringBootDependencyInjectionTestExecutionListener@1e8ce150, org.springframework.test.context.support.DirtiesContextTestExecutionListener@604f2bd2, org.springframework.test.context.transaction.TransactionalTestExecutionListener@1d3ac898, org.springframework.test.context.jdbc.SqlScriptsTestExecutionListener@1b73be9f, org.springframework.test.context.event.EventPublishingTestExecutionListener@628c4ac0, org.springframework.security.test.context.support.WithSecurityContextTestExecutionListener@7b84fcf8, org.springframework.security.test.context.support.ReactorContextTestExecutionListener@30b19518, org.springframework.boot.test.mock.mockito.ResetMocksTestExecutionListener@363042d7, org.springframework.boot.test.autoconfigure.restdocs.RestDocsTestExecutionListener@366ac49b, org.springframework.boot.test.autoconfigure.web.client.MockRestServiceServerResetTestExecutionListener@6ad59d92, org.springframework.boot.test.autoconfigure.web.servlet.MockMvcPrintOnlyOnFailureTestExecutionListener@56f0cc85, org.springframework.boot.test.autoconfigure.web.servlet.WebDriverTestExecutionListener@62e20a76, org.springframework.boot.test.autoconfigure.webservices.client.MockWebServiceServerTestExecutionListener@2cc44ad]
15:45:07.721 [main] DEBUG org.springframework.test.context.support.AbstractDirtiesContextTestExecutionListener - Before test class: context [DefaultTestContext@447a020 testClass = ContractManagementApplicationTests, testInstance = [null], testMethod = [null], testException = [null], mergedContextConfiguration = [WebMergedContextConfiguration@7f36662c testClass = ContractManagementApplicationTests, locations = '{}', classes = '{class com.example.contractmanagement.ContractManagementApplication}', contextInitializerClasses = '[]', activeProfiles = '{}', propertySourceLocations = '{}', propertySourceProperties = '{org.springframework.boot.test.context.SpringBootTestContextBootstrapper=true}', contextCustomizers = set[org.springframework.boot.test.context.filter.ExcludeFilterContextCustomizer@333d4a8c, org.springframework.boot.test.json.DuplicateJsonObjectContextCustomizerFactory$DuplicateJsonObjectContextCustomizer@30f842ca, org.springframework.boot.test.mock.mockito.MockitoContextCustomizer@0, org.springframework.boot.test.web.client.TestRestTemplateContextCustomizer@5db6b9cd, org.springframework.boot.test.autoconfigure.actuate.metrics.MetricsExportContextCustomizerFactory$DisableMetricExportContextCustomizer@4f0f2942, org.springframework.boot.test.autoconfigure.properties.PropertyMappingContextCustomizer@0, org.springframework.boot.test.autoconfigure.web.servlet.WebDriverContextCustomizerFactory$Customizer@1f9e9475, org.springframework.boot.test.context.SpringBootTestArgs@1, org.springframework.boot.test.context.SpringBootTestWebEnvironment@6121c9d6], resourceBasePath = 'src/main/webapp', contextLoader = 'org.springframework.boot.test.context.SpringBootContextLoader', parent = [null]], attributes = map['org.springframework.test.context.web.ServletTestExecutionListener.activateListener' -> true]], class annotated with @DirtiesContext [false] with mode [null].
15:45:07.799 [main] DEBUG org.springframework.test.context.support.TestPropertySourceUtils - Adding inlined properties to environment: {spring.jmx.enabled=false, org.springframework.boot.test.context.SpringBootTestContextBootstrapper=true}

  .   ____          _            __ _ _
 /\\ / ___'_ __ _ _(_)_ __  __ _ \ \ \ \
( ( )\___ | '_ | '_| | '_ \/ _` | \ \ \ \
 \\/  ___)| |_)| | | | | || (_| |  ) ) ) )
  '  |____| .__|_| |_|_| |_\__, | / / / /
 =========|_|==============|___/=/_/_/_/
 :: Spring Boot ::                (v2.4.3)

2021-02-27 15:45:08.309  INFO 5392 --- [           main] c.e.c.ContractManagementApplicationTests : Starting ContractManagementApplicationTests using Java 15.0.2 on LAPTOP-Q20J6JPV with PID 5392 (started by ASUS in E:\CMS-main-v4\contract-management\contract-management)
2021-02-27 15:45:08.315  INFO 5392 --- [           main] c.e.c.ContractManagementApplicationTests : No active profile set, falling back to default profiles: default
2021-02-27 15:45:09.835  INFO 5392 --- [           main] .s.d.r.c.RepositoryConfigurationDelegate : Bootstrapping Spring Data JPA repositories in DEFAULT mode.
2021-02-27 15:45:09.955  INFO 5392 --- [           main] .s.d.r.c.RepositoryConfigurationDelegate : Finished Spring Data repository scanning in 108 ms. Found 7 JPA repository interfaces.
2021-02-27 15:45:10.832  INFO 5392 --- [           main] o.hibernate.jpa.internal.util.LogHelper  : HHH000204: Processing PersistenceUnitInfo [name: default]
2021-02-27 15:45:10.906  INFO 5392 --- [           main] org.hibernate.Version                    : HHH000412: Hibernate ORM core version 5.4.28.Final
2021-02-27 15:45:11.102  INFO 5392 --- [           main] o.hibernate.annotations.common.Version   : HCANN000001: Hibernate Commons Annotations {5.1.2.Final}
2021-02-27 15:45:11.289  INFO 5392 --- [           main] com.zaxxer.hikari.HikariDataSource       : HikariPool-1 - Starting...
2021-02-27 15:45:11.722  INFO 5392 --- [           main] com.zaxxer.hikari.HikariDataSource       : HikariPool-1 - Start completed.
2021-02-27 15:45:11.743  INFO 5392 --- [           main] org.hibernate.dialect.Dialect            : HHH000400: Using dialect: org.hibernate.dialect.MySQL5Dialect
2021-02-27 15:45:12.903  INFO 5392 --- [           main] o.h.e.t.j.p.i.JtaPlatformInitiator       : HHH000490: Using JtaPlatform implementation: [org.hibernate.engine.transaction.jta.platform.internal.NoJtaPlatform]
2021-02-27 15:45:12.913  INFO 5392 --- [           main] j.LocalContainerEntityManagerFactoryBean : Initialized JPA EntityManagerFactory for persistence unit 'default'
2021-02-27 15:45:13.051  WARN 5392 --- [           main] JpaBaseConfiguration$JpaWebConfiguration : spring.jpa.open-in-view is enabled by default. Therefore, database queries may be performed during view rendering. Explicitly configure spring.jpa.open-in-view to disable this warning
2021-02-27 15:45:15.121  INFO 5392 --- [           main] o.s.s.web.DefaultSecurityFilterChain     : Will secure Ant [pattern='/login'] with []
2021-02-27 15:45:15.121  INFO 5392 --- [           main] o.s.s.web.DefaultSecurityFilterChain     : Will secure Ant [pattern='/h2-console/**'] with []
2021-02-27 15:45:15.121  INFO 5392 --- [           main] o.s.s.web.DefaultSecurityFilterChain     : Will secure Ant [pattern='/v2/api-docs'] with []
2021-02-27 15:45:15.122  INFO 5392 --- [           main] o.s.s.web.DefaultSecurityFilterChain     : Will secure Ant [pattern='/configuration/ui'] with []
2021-02-27 15:45:15.122  INFO 5392 --- [           main] o.s.s.web.DefaultSecurityFilterChain     : Will secure Ant [pattern='/swagger-resources/**'] with []
2021-02-27 15:45:15.122  INFO 5392 --- [           main] o.s.s.web.DefaultSecurityFilterChain     : Will secure Ant [pattern='/configuration/security'] with []
2021-02-27 15:45:15.122  INFO 5392 --- [           main] o.s.s.web.DefaultSecurityFilterChain     : Will secure Ant [pattern='/swagger-ui.html'] with []
2021-02-27 15:45:15.122  INFO 5392 --- [           main] o.s.s.web.DefaultSecurityFilterChain     : Will secure Ant [pattern='/webjars/**'] with []
2021-02-27 15:45:15.122  INFO 5392 --- [           main] o.s.s.web.DefaultSecurityFilterChain     : Will secure Ant [pattern='/authapp/swagger'] with []
2021-02-27 15:45:15.258  INFO 5392 --- [           main] o.s.s.web.DefaultSecurityFilterChain     : Will secure any request with [org.springframework.security.web.context.request.async.WebAsyncManagerIntegrationFilter@b9c8678, org.springframework.security.web.context.SecurityContextPersistenceFilter@1ef8f7e6, org.springframework.security.web.header.HeaderWriterFilter@6238b10a, org.springframework.security.web.authentication.logout.LogoutFilter@510d4d4b, org.springframework.security.web.savedrequest.RequestCacheAwareFilter@5e9a9683, org.springframework.security.web.servletapi.SecurityContextHolderAwareRequestFilter@12faeada, org.springframework.security.web.authentication.AnonymousAuthenticationFilter@318beab4, org.springframework.security.web.session.SessionManagementFilter@139da216, org.springframework.security.web.access.ExceptionTranslationFilter@59eb987a, org.springframework.security.web.access.intercept.FilterSecurityInterceptor@63661fc7]
2021-02-27 15:45:15.762  INFO 5392 --- [           main] o.s.s.concurrent.ThreadPoolTaskExecutor  : Initializing ExecutorService 'applicationTaskExecutor'
2021-02-27 15:45:17.002  INFO 5392 --- [           main] c.e.c.ContractManagementApplicationTests : Started ContractManagementApplicationTests in 9.194 seconds (JVM running for 10.615)
]]></system-out>
  </testcase>
</testsuite>